MSBuild version 17.11.9+a69bbaaf5 for .NET Framework

  1>Checking Build System
  Building Custom Rule C:/Users/Asus/Documents/Git/qlmRos2_homework/src/cpp_pubsub/CMakeLists.txt
  division_node.cpp
C:\Users\Asus\Documents\Git\qlmRos2_homework\src\cpp_pubsub\src\division_node.cpp(42,5): error C2355: 'this': can only be referenced inside non-static member functions or non-static data member initializers [C:\Users\Asus\Documents\Git\qlmRos2_homework\build\cpp_pubsub\division_node.vcxproj]
C:\Users\Asus\Documents\Git\qlmRos2_homework\src\cpp_pubsub\src\division_node.cpp(42,5): error C2062: type 'unknown-type' unexpected [C:\Users\Asus\Documents\Git\qlmRos2_homework\build\cpp_pubsub\division_node.vcxproj]
C:\Users\Asus\Documents\Git\qlmRos2_homework\src\cpp_pubsub\src\division_node.cpp(42,5): error C2039: 'value': is not a member of '`global namespace'' [C:\Users\Asus\Documents\Git\qlmRos2_homework\build\cpp_pubsub\division_node.vcxproj]
C:\Users\Asus\Documents\Git\qlmRos2_homework\src\cpp_pubsub\src\division_node.cpp(42,5): error C2660: 'rcutils_log': function does not take 3 arguments [C:\Users\Asus\Documents\Git\qlmRos2_homework\build\cpp_pubsub\division_node.vcxproj]
      C:\dev\ros2_humble\include\rcutils\rcutils\logging.h(475,6):
      see declaration of 'rcutils_log'
      C:\Users\Asus\Documents\Git\qlmRos2_homework\src\cpp_pubsub\src\division_node.cpp(42,5):
      while trying to match the argument list '(rcutils_log_location_t *, RCUTILS_LOG_SEVERITY, const char [5])'
  
  Building Custom Rule C:/Users/Asus/Documents/Git/qlmRos2_homework/src/cpp_pubsub/CMakeLists.txt
  listener.vcxproj -> C:\Users\Asus\Documents\Git\qlmRos2_homework\build\cpp_pubsub\Release\listener.exe
  Building Custom Rule C:/Users/Asus/Documents/Git/qlmRos2_homework/src/cpp_pubsub/CMakeLists.txt
  talker.vcxproj -> C:\Users\Asus\Documents\Git\qlmRos2_homework\build\cpp_pubsub\Release\talker.exe
