[0.000000] (-) TimerEvent: {}
[0.000000] (cpp_pubsub) JobQueued: {'identifier': 'cpp_pubsub', 'dependencies': OrderedDict()}
[0.000000] (cpp_pubsub) JobStarted: {'identifier': 'cpp_pubsub'}
[0.094000] (cpp_pubsub) JobProgress: {'identifier': 'cpp_pubsub', 'progress': 'cmake'}
[0.094000] (cpp_pubsub) JobProgress: {'identifier': 'cpp_pubsub', 'progress': 'build'}
[0.094000] (cpp_pubsub) Command: {'cmd': ['C:\\Program Files\\CMake\\bin\\cmake.EXE', '--build', 'C:\\Users\\Asus\\Documents\\Git\\qlmRos2_homework\\build\\cpp_pubsub', '--config', 'Release'], 'cwd': 'C:\\Users\\Asus\\Documents\\Git\\qlmRos2_homework\\build\\cpp_pubsub', 'env': {'ACSetupSvcPort': '23210', 'ACSvcPort': '17532', 'ALLUSERSPROFILE': 'C:\\ProgramData', 'AMENT_PREFIX_PATH': 'C:\\Users\\Asus\\Documents\\Git\\qlmRos2_homework\\install\\cpp_pubsub;C:\\dev\\ros2_humble', 'APPDATA': 'C:\\Users\\Asus\\AppData\\Roaming', 'ChocolateyInstall': 'C:\\ProgramData\\chocolatey', 'ChocolateyLastPathUpdate': '133729715370722064', 'CMAKE_PREFIX_PATH': 'C:\\Users\\Asus\\Documents\\Git\\qlmRos2_homework\\install\\cpp_pubsub;C:\\dev\\ros2_humble', 'COLCON': '1', 'COLCON_PREFIX_PATH': 'C:\\Users\\Asus\\Documents\\Git\\qlmRos2_homework\\install\\;C:\\dev\\ros2_humble\\', 'CommandPromptType': 'Native', 'CommonProgramFiles': 'C:\\Program Files\\Common Files', 'CommonProgramFiles(x86)': 'C:\\Program Files (x86)\\Common Files', 'CommonProgramW6432': 'C:\\Program Files\\Common Files', 'COMPUTERNAME': 'DESKTOP-IT0HKPR', 'ComSpec': 'C:\\Windows\\system32\\cmd.exe', 'DevEnvDir': 'C:\\Program Files\\Microsoft Visual Studio\\2022\\Community\\Common7\\IDE\\', 'DriverData': 'C:\\Windows\\System32\\Drivers\\DriverData', 'ExtensionSdkDir': 'C:\\Program Files (x86)\\Microsoft SDKs\\Windows Kits\\10\\ExtensionSDKs', 'EXTERNAL_INCLUDE': 'C:\\Program Files\\Microsoft Visual Studio\\2022\\Community\\VC\\Tools\\MSVC\\14.41.34120\\include;C:\\Program Files\\Microsoft Visual Studio\\2022\\Community\\VC\\Tools\\MSVC\\14.41.34120\\ATLMFC\\include;C:\\Program Files\\Microsoft Visual Studio\\2022\\Community\\VC\\Auxiliary\\VS\\include;C:\\Program Files (x86)\\Windows Kits\\10\\include\\10.0.19041.0\\ucrt;C:\\Program Files (x86)\\Windows Kits\\10\\\\include\\10.0.19041.0\\\\um;C:\\Program Files (x86)\\Windows Kits\\10\\\\include\\10.0.19041.0\\\\shared;C:\\Program Files (x86)\\Windows Kits\\10\\\\include\\10.0.19041.0\\\\winrt;C:\\Program Files (x86)\\Windows Kits\\10\\\\include\\10.0.19041.0\\\\cppwinrt;C:\\Program Files (x86)\\Windows Kits\\NETFXSDK\\4.8\\include\\um', 'Framework40Version': 'v4.0', 'FrameworkDir': 'C:\\Windows\\Microsoft.NET\\Framework\\', 'FrameworkDir32': 'C:\\Windows\\Microsoft.NET\\Framework\\', 'FrameworkVersion': 'v4.0.30319', 'FrameworkVersion32': 'v4.0.30319', 'FSHARPINSTALLDIR': 'C:\\Program Files\\Microsoft Visual Studio\\2022\\Community\\Common7\\IDE\\CommonExtensions\\Microsoft\\FSharp\\Tools', 'HOMEDRIVE': 'C:', 'HOMEPATH': '\\Users\\Asus', 'INCLUDE': 'C:\\Program Files\\Microsoft Visual Studio\\2022\\Community\\VC\\Tools\\MSVC\\14.41.34120\\include;C:\\Program Files\\Microsoft Visual Studio\\2022\\Community\\VC\\Tools\\MSVC\\14.41.34120\\ATLMFC\\include;C:\\Program Files\\Microsoft Visual Studio\\2022\\Community\\VC\\Auxiliary\\VS\\include;C:\\Program Files (x86)\\Windows Kits\\10\\include\\10.0.19041.0\\ucrt;C:\\Program Files (x86)\\Windows Kits\\10\\\\include\\10.0.19041.0\\\\um;C:\\Program Files (x86)\\Windows Kits\\10\\\\include\\10.0.19041.0\\\\shared;C:\\Program Files (x86)\\Windows Kits\\10\\\\include\\10.0.19041.0\\\\winrt;C:\\Program Files (x86)\\Windows Kits\\10\\\\include\\10.0.19041.0\\\\cppwinrt;C:\\Program Files (x86)\\Windows Kits\\NETFXSDK\\4.8\\include\\um', 'LIB': 'C:\\Program Files\\Microsoft Visual Studio\\2022\\Community\\VC\\Tools\\MSVC\\14.41.34120\\ATLMFC\\lib\\x86;C:\\Program Files\\Microsoft Visual Studio\\2022\\Community\\VC\\Tools\\MSVC\\14.41.34120\\lib\\x86;C:\\Program Files (x86)\\Windows Kits\\NETFXSDK\\4.8\\lib\\um\\x86;C:\\Program Files (x86)\\Windows Kits\\10\\lib\\10.0.19041.0\\ucrt\\x86;C:\\Program Files (x86)\\Windows Kits\\10\\\\lib\\10.0.19041.0\\\\um\\x86', 'LIBPATH': 'C:\\Program Files\\Microsoft Visual Studio\\2022\\Community\\VC\\Tools\\MSVC\\14.41.34120\\ATLMFC\\lib\\x86;C:\\Program Files\\Microsoft Visual Studio\\2022\\Community\\VC\\Tools\\MSVC\\14.41.34120\\lib\\x86;C:\\Program Files\\Microsoft Visual Studio\\2022\\Community\\VC\\Tools\\MSVC\\14.41.34120\\lib\\x86\\store\\references;C:\\Program Files (x86)\\Windows Kits\\10\\UnionMetadata\\10.0.19041.0;C:\\Program Files (x86)\\Windows Kits\\10\\References\\10.0.19041.0;C:\\Windows\\Microsoft.NET\\Framework\\v4.0.30319', 'LOCALAPPDATA': 'C:\\Users\\Asus\\AppData\\Local', 'LOGONSERVER': '\\\\DESKTOP-IT0HKPR', 'NETFXSDKDir': 'C:\\Program Files (x86)\\Windows Kits\\NETFXSDK\\4.8\\', 'NUMBER_OF_PROCESSORS': '16', 'OMP_NUM_THREADS': '16', 'OneDrive': 'C:\\Users\\Asus\\OneDrive', 'OpenCV_DIR': 'C:\\opencv', 'OPENSSL_CONF': 'C:\\Program Files\\OpenSSL-Win64\\bin\\openssl.cfg', 'OS': 'Windows_NT', 'Path': 'C:\\dev\\ros2_humble\\opt\\yaml_cpp_vendor\\bin;C:\\dev\\ros2_humble\\opt\\rviz_ogre_vendor\\bin;C:\\dev\\ros2_humble\\opt\\rviz_assimp_vendor\\bin;C:\\dev\\ros2_humble\\opt\\libcurl_vendor\\bin;C:\\dev\\ros2_humble\\Scripts;C:\\dev\\ros2_humble\\bin;C:\\Program Files\\Microsoft Visual Studio\\2022\\Community\\VC\\Tools\\MSVC\\14.41.34120\\bin\\HostX86\\x86;C:\\Program Files\\Microsoft Visual Studio\\2022\\Community\\Common7\\IDE\\VC\\VCPackages;C:\\Program Files\\Microsoft Visual Studio\\2022\\Community\\Common7\\IDE\\CommonExtensions\\Microsoft\\TestWindow;C:\\Program Files\\Microsoft Visual Studio\\2022\\Community\\Common7\\IDE\\CommonExtensions\\Microsoft\\TeamFoundation\\Team Explorer;C:\\Program Files\\Microsoft Visual Studio\\2022\\Community\\MSBuild\\Current\\bin\\Roslyn;C:\\Program Files (x86)\\Microsoft SDKs\\Windows\\v10.0A\\bin\\NETFX 4.8 Tools\\;C:\\Program Files\\Microsoft Visual Studio\\2022\\Community\\Common7\\IDE\\CommonExtensions\\Microsoft\\FSharp\\Tools;C:\\Program Files\\Microsoft Visual Studio\\2022\\Community\\Team Tools\\DiagnosticsHub\\Collector;C:\\Program Files (x86)\\Windows Kits\\10\\bin\\10.0.19041.0\\\\x86;C:\\Program Files (x86)\\Windows Kits\\10\\bin\\\\x86;C:\\Program Files\\Microsoft Visual Studio\\2022\\Community\\\\MSBuild\\Current\\Bin\\amd64;C:\\Windows\\Microsoft.NET\\Framework\\v4.0.30319;C:\\Program Files\\Microsoft Visual Studio\\2022\\Community\\Common7\\IDE\\;C:\\Program Files\\Microsoft Visual Studio\\2022\\Community\\Common7\\Tools\\;C:\\Python38\\Scripts\\;C:\\Python38\\;C:\\Windows\\system32;C:\\Windows;C:\\Windows\\System32\\Wbem;C:\\Windows\\System32\\WindowsPowerShell\\v1.0\\;C:\\Windows\\System32\\OpenSSH\\;C:\\Program Files\\NVIDIA Corporation\\NVIDIA NvDLISR;C:\\Program Files (x86)\\NVIDIA Corporation\\PhysX\\Common;C:\\Program Files\\dotnet\\;C:\\Program Files\\Microsoft SQL Server\\150\\Tools\\Binn\\;C:\\Program Files\\Microsoft SQL Server\\Client SDK\\ODBC\\170\\Tools\\Binn\\;C:\\Program Files\\Microsoft SQL Server\\120\\Tools\\Binn\\;C:\\ProgramData\\chocolatey\\bin;C:\\Program Files\\CMake\\bin;C:\\ProgramData\\chocolatey\\lib\\tinyxml2\\lib;C:\\ProgramData\\chocolatey\\lib\\bullet\\lib;C:\\ProgramData\\chocolatey\\lib\\cunit\\lib;C:\\Program Files\\Graphviz\\bin;C:\\Program Files\\Cppcheck;C:\\Program Files\\Git\\cmd;C:\\Program Files\\OpenSSL-Win64\\bin\\;C:\\Users\\Asus\\AppData\\Local\\Programs\\Python\\Launcher\\;C:\\Users\\Asus\\AppData\\Local\\Microsoft\\WindowsApps;C:\\Users\\Asus\\AppData\\Local\\GitHubDesktop\\bin;C:\\Program Files\\OpenSSL-Win64\\bin;C:\\Users\\Asus\\.dotnet\\tools;C:\\Users\\Asus\\AppData\\Local\\Programs\\Microsoft VS Code\\bin;C:\\Program Files\\Microsoft Visual Studio\\2022\\Community\\Common7\\IDE\\VC\\Linux\\bin\\ConnectionManagerExe', 'PATHEXT': '.COM;.EXE;.BAT;.CMD;.VBS;.VBE;.JS;.JSE;.WSF;.WSH;.MSC;.PY;.PYW', 'PKG_CONFIG_PATH': 'C:\\dev\\ros2_humble\\lib\\pkgconfig', 'PROCESSOR_ARCHITECTURE': 'AMD64', 'PROCESSOR_IDENTIFIER': 'AMD64 Family 25 Model 68 Stepping 1, AuthenticAMD', 'PROCESSOR_LEVEL': '25', 'PROCESSOR_REVISION': '4401', 'ProgramData': 'C:\\ProgramData', 'ProgramFiles': 'C:\\Program Files', 'ProgramFiles(x86)': 'C:\\Program Files (x86)', 'ProgramW6432': 'C:\\Program Files', 'PROMPT': '$P$G', 'PSModulePath': 'C:\\Program Files\\WindowsPowerShell\\Modules;C:\\Windows\\system32\\WindowsPowerShell\\v1.0\\Modules', 'PUBLIC': 'C:\\Users\\Public', 'PYTHONPATH': 'C:\\ci\\ws\\install\\lib\\python3.8\\dist-packages;C:\\dev\\ros2_humble\\Lib\\site-packages', 'RlsSvcPort': '22112', 'ROS_DISTRO': 'humble', 'ROS_LOCALHOST_ONLY': '0', 'ROS_PYTHON_VERSION': '3', 'ROS_VERSION': '2', 'SESSIONNAME': 'Console', 'SystemDrive': 'C:', 'SystemRoot': 'C:\\Windows', 'TEMP': 'C:\\Users\\Asus\\AppData\\Local\\Temp', 'TMP': 'C:\\Users\\Asus\\AppData\\Local\\Temp', 'UCRTVersion': '10.0.19041.0', 'UniversalCRTSdkDir': 'C:\\Program Files (x86)\\Windows Kits\\10\\', 'USERDOMAIN': 'DESKTOP-IT0HKPR', 'USERDOMAIN_ROAMINGPROFILE': 'DESKTOP-IT0HKPR', 'USERNAME': 'Asus', 'USERPROFILE': 'C:\\Users\\Asus', 'VCIDEInstallDir': 'C:\\Program Files\\Microsoft Visual Studio\\2022\\Community\\Common7\\IDE\\VC\\', 'VCINSTALLDIR': 'C:\\Program Files\\Microsoft Visual Studio\\2022\\Community\\VC\\', 'VCToolsInstallDir': 'C:\\Program Files\\Microsoft Visual Studio\\2022\\Community\\VC\\Tools\\MSVC\\14.41.34120\\', 'VCToolsRedistDir': 'C:\\Program Files\\Microsoft Visual Studio\\2022\\Community\\VC\\Redist\\MSVC\\14.40.33807\\', 'VCToolsVersion': '14.41.34120', 'VisualStudioVersion': '17.0', 'VS170COMNTOOLS': 'C:\\Program Files\\Microsoft Visual Studio\\2022\\Community\\Common7\\Tools\\', 'VSCMD_ARG_app_plat': 'Desktop', 'VSCMD_ARG_HOST_ARCH': 'x86', 'VSCMD_ARG_TGT_ARCH': 'x86', 'VSCMD_VER': '17.11.4', 'VSINSTALLDIR': 'C:\\Program Files\\Microsoft Visual Studio\\2022\\Community\\', 'VSSDK150INSTALL': 'C:\\Program Files\\Microsoft Visual Studio\\2022\\Community\\VSSDK', 'VSSDKINSTALL': 'C:\\Program Files\\Microsoft Visual Studio\\2022\\Community\\VSSDK', 'windir': 'C:\\Windows', 'WindowsLibPath': 'C:\\Program Files (x86)\\Windows Kits\\10\\UnionMetadata\\10.0.19041.0;C:\\Program Files (x86)\\Windows Kits\\10\\References\\10.0.19041.0', 'WindowsSdkBinPath': 'C:\\Program Files (x86)\\Windows Kits\\10\\bin\\', 'WindowsSdkDir': 'C:\\Program Files (x86)\\Windows Kits\\10\\', 'WindowsSDKLibVersion': '10.0.19041.0\\', 'WindowsSdkVerBinPath': 'C:\\Program Files (x86)\\Windows Kits\\10\\bin\\10.0.19041.0\\', 'WindowsSDKVersion': '10.0.19041.0\\', 'WindowsSDK_ExecutablePath_x64': 'C:\\Program Files (x86)\\Microsoft SDKs\\Windows\\v10.0A\\bin\\NETFX 4.8 Tools\\x64\\', 'WindowsSDK_ExecutablePath_x86': 'C:\\Program Files (x86)\\Microsoft SDKs\\Windows\\v10.0A\\bin\\NETFX 4.8 Tools\\', '__DOTNET_ADD_32BIT': '1', '__DOTNET_PREFERRED_BITNESS': '32', '__VSCMD_PREINIT_PATH': 'C:\\Python38\\Scripts\\;C:\\Python38\\;C:\\Windows\\system32;C:\\Windows;C:\\Windows\\System32\\Wbem;C:\\Windows\\System32\\WindowsPowerShell\\v1.0\\;C:\\Windows\\System32\\OpenSSH\\;C:\\Program Files\\NVIDIA Corporation\\NVIDIA NvDLISR;C:\\Program Files (x86)\\NVIDIA Corporation\\PhysX\\Common;C:\\Program Files\\dotnet\\;C:\\Program Files\\Microsoft SQL Server\\150\\Tools\\Binn\\;C:\\Program Files\\Microsoft SQL Server\\Client SDK\\ODBC\\170\\Tools\\Binn\\;C:\\Program Files\\Microsoft SQL Server\\120\\Tools\\Binn\\;C:\\ProgramData\\chocolatey\\bin;C:\\Program Files\\CMake\\bin;C:\\ProgramData\\chocolatey\\lib\\tinyxml2\\lib;C:\\ProgramData\\chocolatey\\lib\\bullet\\lib;C:\\ProgramData\\chocolatey\\lib\\cunit\\lib;C:\\Program Files\\Graphviz\\bin;C:\\Program Files\\Cppcheck;C:\\Program Files\\Git\\cmd;C:\\Program Files\\OpenSSL-Win64\\bin\\;C:\\Users\\Asus\\AppData\\Local\\Programs\\Python\\Launcher\\;C:\\Users\\Asus\\AppData\\Local\\Microsoft\\WindowsApps;C:\\Users\\Asus\\AppData\\Local\\GitHubDesktop\\bin;C:\\Program Files\\OpenSSL-Win64\\bin;C:\\Users\\Asus\\.dotnet\\tools;C:\\Users\\Asus\\AppData\\Local\\Programs\\Microsoft VS Code\\bin', 'CL': '/MP'}, 'shell': False}
[0.109000] (-) TimerEvent: {}
[0.203000] (cpp_pubsub) StdoutLine: {'line': b'MSBuild version 17.11.9+a69bbaaf5 for .NET Framework\r\n'}
[0.219000] (-) TimerEvent: {}
[0.328000] (-) TimerEvent: {}
[0.438000] (-) TimerEvent: {}
[0.438000] (cpp_pubsub) StdoutLine: {'line': b'\r\n'}
[0.547000] (-) TimerEvent: {}
[0.656000] (-) TimerEvent: {}
[0.766000] (-) TimerEvent: {}
[0.875000] (-) TimerEvent: {}
[0.984000] (-) TimerEvent: {}
[1.094000] (-) TimerEvent: {}
[1.203000] (-) TimerEvent: {}
[1.313000] (-) TimerEvent: {}
[1.422000] (-) TimerEvent: {}
[1.469000] (cpp_pubsub) StdoutLine: {'line': b'  1>Checking Build System\r\n'}
[1.531000] (-) TimerEvent: {}
[1.641000] (-) TimerEvent: {}
[1.703000] (cpp_pubsub) StdoutLine: {'line': b'  Building Custom Rule C:/Users/Asus/Documents/Git/qlmRos2_homework/src/cpp_pubsub/CMakeLists.txt\r\n'}
[1.750000] (-) TimerEvent: {}
[1.859000] (-) TimerEvent: {}
[1.906000] (cpp_pubsub) StdoutLine: {'line': b'  division_node.cpp\r\n'}
[1.969000] (-) TimerEvent: {}
[2.078000] (-) TimerEvent: {}
[2.188000] (-) TimerEvent: {}
[2.297000] (-) TimerEvent: {}
[2.406000] (-) TimerEvent: {}
[2.516000] (-) TimerEvent: {}
[2.625000] (-) TimerEvent: {}
[2.734000] (-) TimerEvent: {}
[2.844000] (-) TimerEvent: {}
[2.953000] (-) TimerEvent: {}
[3.063000] (-) TimerEvent: {}
[3.172000] (-) TimerEvent: {}
[3.281000] (-) TimerEvent: {}
[3.391000] (-) TimerEvent: {}
[3.500000] (-) TimerEvent: {}
[3.609000] (-) TimerEvent: {}
[3.703000] (cpp_pubsub) StdoutLine: {'line': b"C:\\Users\\Asus\\Documents\\Git\\qlmRos2_homework\\src\\cpp_pubsub\\src\\division_node.cpp(18,46): error C2039: 'float64_multi_array': is not a member of 'std_msgs::msg' [C:\\Users\\Asus\\Documents\\Git\\qlmRos2_homework\\build\\cpp_pubsub\\division_node.vcxproj]\r\n"}
[3.719000] (cpp_pubsub) StdoutLine: {'line': b'      C:\\dev\\ros2_humble\\include\\std_msgs\\std_msgs\\msg\\detail\\float64_multi_array__traits.hpp(24,11):\r\n'}
[3.719000] (-) TimerEvent: {}
[3.719000] (cpp_pubsub) StdoutLine: {'line': b"      see declaration of 'std_msgs::msg'\r\n"}
[3.719000] (cpp_pubsub) StdoutLine: {'line': b'  \r\n'}
[3.719000] (cpp_pubsub) StdoutLine: {'line': b"C:\\Users\\Asus\\Documents\\Git\\qlmRos2_homework\\src\\cpp_pubsub\\src\\division_node.cpp(18,46): error C3083: 'float64_multi_array': the symbol to the left of a '::' must be a type [C:\\Users\\Asus\\Documents\\Git\\qlmRos2_homework\\build\\cpp_pubsub\\division_node.vcxproj]\r\n"}
[3.719000] (cpp_pubsub) StdoutLine: {'line': b"C:\\Users\\Asus\\Documents\\Git\\qlmRos2_homework\\src\\cpp_pubsub\\src\\division_node.cpp(18,67): error C2039: 'SharedPtr': is not a member of 'std_msgs::msg' [C:\\Users\\Asus\\Documents\\Git\\qlmRos2_homework\\build\\cpp_pubsub\\division_node.vcxproj]\r\n"}
[3.719000] (cpp_pubsub) StdoutLine: {'line': b'      C:\\dev\\ros2_humble\\include\\std_msgs\\std_msgs\\msg\\detail\\float64_multi_array__traits.hpp(24,11):\r\n'}
[3.719000] (cpp_pubsub) StdoutLine: {'line': b"      see declaration of 'std_msgs::msg'\r\n"}
[3.719000] (cpp_pubsub) StdoutLine: {'line': b'  \r\n'}
[3.719000] (cpp_pubsub) StdoutLine: {'line': b"C:\\Users\\Asus\\Documents\\Git\\qlmRos2_homework\\src\\cpp_pubsub\\src\\division_node.cpp(40,41): error C2039: 'float64_multi_array': is not a member of 'std_msgs::msg' [C:\\Users\\Asus\\Documents\\Git\\qlmRos2_homework\\build\\cpp_pubsub\\division_node.vcxproj]\r\n"}
[3.719000] (cpp_pubsub) StdoutLine: {'line': b'      C:\\dev\\ros2_humble\\include\\std_msgs\\std_msgs\\msg\\detail\\float64_multi_array__traits.hpp(24,11):\r\n'}
[3.719000] (cpp_pubsub) StdoutLine: {'line': b"      see declaration of 'std_msgs::msg'\r\n"}
[3.719000] (cpp_pubsub) StdoutLine: {'line': b'  \r\n'}
[3.719000] (cpp_pubsub) StdoutLine: {'line': b"C:\\Users\\Asus\\Documents\\Git\\qlmRos2_homework\\src\\cpp_pubsub\\src\\division_node.cpp(40,41): error C2065: 'float64_multi_array': undeclared identifier [C:\\Users\\Asus\\Documents\\Git\\qlmRos2_homework\\build\\cpp_pubsub\\division_node.vcxproj]\r\n"}
[3.719000] (cpp_pubsub) StdoutLine: {'line': b"C:\\Users\\Asus\\Documents\\Git\\qlmRos2_homework\\src\\cpp_pubsub\\src\\division_node.cpp(40,13): error C2923: 'rclcpp::Subscription': 'float64_multi_array' is not a valid template type argument for parameter 'MessageT' [C:\\Users\\Asus\\Documents\\Git\\qlmRos2_homework\\build\\cpp_pubsub\\division_node.vcxproj]\r\n"}
[3.719000] (cpp_pubsub) StdoutLine: {'line': b'      C:\\Users\\Asus\\Documents\\Git\\qlmRos2_homework\\src\\cpp_pubsub\\src\\division_node.cpp(40,41):\r\n'}
[3.719000] (cpp_pubsub) StdoutLine: {'line': b"      see declaration of 'float64_multi_array'\r\n"}
[3.719000] (cpp_pubsub) StdoutLine: {'line': b'  \r\n'}
[3.719000] (cpp_pubsub) StdoutLine: {'line': b"C:\\Users\\Asus\\Documents\\Git\\qlmRos2_homework\\src\\cpp_pubsub\\src\\division_node.cpp(40,13): error C2976: 'rclcpp::Subscription': too few template arguments [C:\\Users\\Asus\\Documents\\Git\\qlmRos2_homework\\build\\cpp_pubsub\\division_node.vcxproj]\r\n"}
[3.719000] (cpp_pubsub) StdoutLine: {'line': b'      C:\\dev\\ros2_humble\\include\\rclcpp\\rclcpp\\subscription.hpp(75,7):\r\n'}
[3.719000] (cpp_pubsub) StdoutLine: {'line': b"      see declaration of 'rclcpp::Subscription'\r\n"}
[3.719000] (cpp_pubsub) StdoutLine: {'line': b'  \r\n'}
[3.719000] (cpp_pubsub) StdoutLine: {'line': b"C:\\Users\\Asus\\Documents\\Git\\qlmRos2_homework\\src\\cpp_pubsub\\src\\division_node.cpp(40,63): error C2955: 'rclcpp::Subscription': use of class template requires template argument list [C:\\Users\\Asus\\Documents\\Git\\qlmRos2_homework\\build\\cpp_pubsub\\division_node.vcxproj]\r\n"}
[3.719000] (cpp_pubsub) StdoutLine: {'line': b'      C:\\dev\\ros2_humble\\include\\rclcpp\\rclcpp\\subscription.hpp(75,7):\r\n'}
[3.719000] (cpp_pubsub) StdoutLine: {'line': b"      see declaration of 'rclcpp::Subscription'\r\n"}
[3.719000] (cpp_pubsub) StdoutLine: {'line': b'  \r\n'}
[3.719000] (cpp_pubsub) StdoutLine: {'line': b"C:\\Users\\Asus\\Documents\\Git\\qlmRos2_homework\\src\\cpp_pubsub\\src\\division_node.cpp(5,7): warning C4624: 'DivisionNode': destructor was implicitly defined as deleted [C:\\Users\\Asus\\Documents\\Git\\qlmRos2_homework\\build\\cpp_pubsub\\division_node.vcxproj]\r\n"}
[3.719000] (cpp_pubsub) StdoutLine: {'line': b"C:\\Users\\Asus\\Documents\\Git\\qlmRos2_homework\\src\\cpp_pubsub\\src\\division_node.cpp(42,1): error C2282: 'DivisionNode::~DivisionNode' cannot override 'rclcpp::Node::~Node' [C:\\Users\\Asus\\Documents\\Git\\qlmRos2_homework\\build\\cpp_pubsub\\division_node.vcxproj]\r\n"}
[3.719000] (cpp_pubsub) StdoutLine: {'line': b'      C:\\dev\\ros2_humble\\include\\rclcpp\\rclcpp\\node.hpp(107,12):\r\n'}
[3.719000] (cpp_pubsub) StdoutLine: {'line': b"      'rclcpp::Node::~Node' is not deleted\r\n"}
[3.719000] (cpp_pubsub) StdoutLine: {'line': b'  \r\n'}
[3.719000] (cpp_pubsub) StdoutLine: {'line': b"C:\\Users\\Asus\\Documents\\Git\\qlmRos2_homework\\src\\cpp_pubsub\\src\\division_node.cpp(7,44): error C2512: 'std::shared_ptr<rclcpp::Subscription<MessageT,AllocatorT,SubscribedT,ROSMessageT,MessageMemoryStrategyT>>': no appropriate default constructor available [C:\\Users\\Asus\\Documents\\Git\\qlmRos2_homework\\build\\cpp_pubsub\\division_node.vcxproj]\r\n"}
[3.719000] (cpp_pubsub) StdoutLine: {'line': b'      C:\\Program Files\\Microsoft Visual Studio\\2022\\Community\\VC\\Tools\\MSVC\\14.41.34120\\include\\memory(1560,7):\r\n'}
[3.719000] (cpp_pubsub) StdoutLine: {'line': b"      see declaration of 'std::shared_ptr<rclcpp::Subscription<MessageT,AllocatorT,SubscribedT,ROSMessageT,MessageMemoryStrategyT>>'\r\n"}
[3.719000] (cpp_pubsub) StdoutLine: {'line': b'  \r\n'}
[3.719000] (cpp_pubsub) StdoutLine: {'line': b"C:\\Users\\Asus\\Documents\\Git\\qlmRos2_homework\\src\\cpp_pubsub\\src\\division_node.cpp(9,66): error C2039: 'float64_multi_array': is not a member of 'std_msgs::msg' [C:\\Users\\Asus\\Documents\\Git\\qlmRos2_homework\\build\\cpp_pubsub\\division_node.vcxproj]\r\n"}
[3.719000] (cpp_pubsub) StdoutLine: {'line': b'      C:\\dev\\ros2_humble\\include\\std_msgs\\std_msgs\\msg\\detail\\float64_multi_array__traits.hpp(24,11):\r\n'}
[3.719000] (cpp_pubsub) StdoutLine: {'line': b"      see declaration of 'std_msgs::msg'\r\n"}
[3.719000] (cpp_pubsub) StdoutLine: {'line': b'  \r\n'}
[3.719000] (cpp_pubsub) StdoutLine: {'line': b"C:\\Users\\Asus\\Documents\\Git\\qlmRos2_homework\\src\\cpp_pubsub\\src\\division_node.cpp(9,66): error C2065: 'float64_multi_array': undeclared identifier [C:\\Users\\Asus\\Documents\\Git\\qlmRos2_homework\\build\\cpp_pubsub\\division_node.vcxproj]\r\n"}
[3.719000] (cpp_pubsub) StdoutLine: {'line': b"C:\\Users\\Asus\\Documents\\Git\\qlmRos2_homework\\src\\cpp_pubsub\\src\\division_node.cpp(9,31): error C2672: 'rclcpp::Node::create_subscription': no matching overloaded function found [C:\\Users\\Asus\\Documents\\Git\\qlmRos2_homework\\build\\cpp_pubsub\\division_node.vcxproj]\r\n"}
[3.719000] (cpp_pubsub) StdoutLine: {'line': b'      C:\\dev\\ros2_humble\\include\\rclcpp\\rclcpp\\node.hpp(219,3):\r\n'}
[3.719000] (cpp_pubsub) StdoutLine: {'line': b"      could be 'std::shared_ptr<SubscriptionT> rclcpp::Node::create_subscription(const std::string &,const rclcpp::QoS &,CallbackT &&,const rclcpp::SubscriptionOptionsWithAllocator<AllocatorT> &,MessageMemoryStrategyT::SharedPtr)'\r\n"}
[3.719000] (cpp_pubsub) StdoutLine: {'line': b'          C:\\Users\\Asus\\Documents\\Git\\qlmRos2_homework\\src\\cpp_pubsub\\src\\division_node.cpp(9,66):\r\n'}
[3.719000] (cpp_pubsub) StdoutLine: {'line': b"          'rclcpp::Node::create_subscription': invalid template argument for 'MessageT', type expected\r\n"}
[3.719000] (cpp_pubsub) StdoutLine: {'line': b'  \r\n'}
[3.813000] (cpp_pubsub) StdoutLine: {'line': b'  Building Custom Rule C:/Users/Asus/Documents/Git/qlmRos2_homework/src/cpp_pubsub/CMakeLists.txt\r\n'}
[3.828000] (-) TimerEvent: {}
[3.922000] (cpp_pubsub) StdoutLine: {'line': b'  listener.vcxproj -> C:\\Users\\Asus\\Documents\\Git\\qlmRos2_homework\\build\\cpp_pubsub\\Release\\listener.exe\r\n'}
[3.938000] (-) TimerEvent: {}
[4.031000] (cpp_pubsub) StdoutLine: {'line': b'  Building Custom Rule C:/Users/Asus/Documents/Git/qlmRos2_homework/src/cpp_pubsub/CMakeLists.txt\r\n'}
[4.047000] (-) TimerEvent: {}
[4.109000] (cpp_pubsub) StdoutLine: {'line': b'  talker.vcxproj -> C:\\Users\\Asus\\Documents\\Git\\qlmRos2_homework\\build\\cpp_pubsub\\Release\\talker.exe\r\n'}
[4.156000] (-) TimerEvent: {}
[4.172000] (cpp_pubsub) CommandEnded: {'returncode': 1}
[4.188000] (cpp_pubsub) JobEnded: {'identifier': 'cpp_pubsub', 'rc': 1}
[4.203000] (-) EventReactorShutdown: {}
